<?xml version="1.0" encoding="UTF-8"?>
<!-- Generated by org.testng.reporters.JUnitReportReporter -->
<testsuite hostname="MT-5CG1057HYC" failures="0" tests="8" name="testscripts.TestSwagLabs" time="18.413" errors="0" timestamp="27 Jun 2022 08:21:14 GMT">
  <testcase classname="testscripts.TestSwagLabs" name="OpenBrowser" time="2.120"/>
  <testcase classname="testscripts.TestSwagLabs" name="OpenBrowser" time="3.668"/>
  <testcase classname="testscripts.TestSwagLabs" name="OrderaProduct" time="3.354"/>
  <testcase classname="testscripts.TestSwagLabs" name="TestData" time="0.097"/>
  <testcase classname="testscripts.TestSwagLabs" name="Login" time="2.174"/>
  <testcase classname="testscripts.TestSwagLabs" name="OrderaProduct" time="3.920"/>
  <testcase classname="testscripts.TestSwagLabs" name="TestData" time="0.585"/>
  <testcase classname="testscripts.TestSwagLabs" name="Login" time="2.495"/>
</testsuite> <!-- testscripts.TestSwagLabs -->
