<?xml version="1.0" encoding="UTF-8"?>
<!-- Generated by org.testng.reporters.JUnitReportReporter -->
<testsuite hostname="MT-5CG1057HYC" failures="0" tests="6" name="testscripts.TestSwagLabs" time="19.656" errors="0" timestamp="26 Jun 2022 09:46:13 GMT">
  <testcase classname="testscripts.TestSwagLabs" name="Data" time="0.072"/>
  <testcase classname="testscripts.TestSwagLabs" name="OrderProduct" time="4.928"/>
  <testcase classname="testscripts.TestSwagLabs" name="Login" time="4.244"/>
  <testcase classname="testscripts.TestSwagLabs" name="Login" time="4.190"/>
  <testcase classname="testscripts.TestSwagLabs" name="Data" time="1.177"/>
  <testcase classname="testscripts.TestSwagLabs" name="OrderProduct" time="5.045"/>
</testsuite> <!-- testscripts.TestSwagLabs -->
